\BOOKMARK [1][-]{section*.1}{Relacije}{}% 1
\BOOKMARK [2][-]{section*.2}{Operacije na relacijah}{section*.1}% 2
\BOOKMARK [2][-]{section*.3}{Lastnosti relacij}{section*.1}% 3
\BOOKMARK [2][-]{section*.4}{Ekvivalencne relacije}{section*.1}% 4
\BOOKMARK [3][-]{section*.5}{Ekvivalencni razred}{section*.4}% 5
\BOOKMARK [2][-]{section*.6}{Relacije urejenosti}{section*.1}% 6
\BOOKMARK [1][-]{section*.7}{Funkcije}{}% 7
\BOOKMARK [2][-]{section*.8}{Moc mno\236ic}{section*.7}% 8
\BOOKMARK [1][-]{section*.9}{Teorija \235tevil}{}% 9
\BOOKMARK [2][-]{section*.10}{Pra\235tevila}{section*.9}% 10
\BOOKMARK [3][-]{section*.11}{Razcep na prafaktorje}{section*.10}% 11
\BOOKMARK [2][-]{section*.12}{Linearne diofantske enacbe}{section*.9}% 12
\BOOKMARK [3][-]{section*.13}{Raz\235irjen evklidov algoritem}{section*.12}% 13
\BOOKMARK [1][-]{section*.14}{Modularna aritmetika}{}% 14
\BOOKMARK [2][-]{section*.15}{Kolobar ostankov}{section*.14}% 15
\BOOKMARK [2][-]{section*.16}{Euljerjeva funkcija}{section*.14}% 16
\BOOKMARK [1][-]{section*.17}{RSA}{}% 17
\BOOKMARK [1][-]{section*.18}{Permutacije}{}% 18
\BOOKMARK [2][-]{section*.19}{Ciklicna struktura}{section*.18}% 19
\BOOKMARK [3][-]{section*.20}{Produkt permutacij}{section*.19}% 20
\BOOKMARK [3][-]{section*.21}{Red permutacije}{section*.19}% 21
\BOOKMARK [3][-]{section*.22}{Inverzije}{section*.19}% 22
